<?xml version="1.0" encoding="UTF-8"?>
<!-- Generated by org.testng.reporters.JUnitReportReporter -->
<testsuite skipped="0" hostname="L-156101449" name="testNG_Test_Cases.Grouping" tests="6" failures="0" timestamp="29 Oct 2019 15:42:21 GMT" time="0.025" errors="0">
  <testcase name="maruti" time="0.002" classname="testNG_Test_Cases.Grouping"/>
  <testcase name="royalEnfield" time="0.004" classname="testNG_Test_Cases.Grouping"/>
  <testcase name="audi" time="0.008" classname="testNG_Test_Cases.Grouping"/>
  <testcase name="benz" time="0.004" classname="testNG_Test_Cases.Grouping"/>
  <testcase name="ktm" time="0.004" classname="testNG_Test_Cases.Grouping"/>
  <testcase name="ducati" time="0.003" classname="testNG_Test_Cases.Grouping"/>
</testsuite> <!-- testNG_Test_Cases.Grouping -->
