<?xml version="1.0" encoding="UTF-8"?>
<!-- Generated by org.testng.reporters.JUnitReportReporter -->
<testsuite skipped="0" hostname="L-156101449" name="testNG_Test_Cases.TestNG_DataProvider" tests="4" failures="0" timestamp="29 Oct 2019 16:30:31 GMT" time="0.034" errors="0">
  <testcase name="testDataProvider" time="0.007" classname="testNG_Test_Cases.TestNG_DataProvider"/>
  <testcase name="testDataProvider" time="0.006" classname="testNG_Test_Cases.TestNG_DataProvider"/>
  <testcase name="testDataProvider" time="0.005" classname="testNG_Test_Cases.TestNG_DataProvider"/>
  <testcase name="testDataProvider" time="0.016" classname="testNG_Test_Cases.TestNG_DataProvider"/>
</testsuite> <!-- testNG_Test_Cases.TestNG_DataProvider -->
