<?xml version="1.0" encoding="UTF-8"?>
<!-- Generated by org.testng.reporters.JUnitReportReporter -->
<testsuite skipped="0" hostname="L-156101449" name="testNG_Test_Cases.TestNG_Parameters" tests="1" failures="0" timestamp="29 Oct 2019 15:43:34 GMT" time="0.028" errors="0">
  <testcase name="parameters" time="0.028" classname="testNG_Test_Cases.TestNG_Parameters"/>
</testsuite> <!-- testNG_Test_Cases.TestNG_Parameters -->
