<?xml version="1.0" encoding="UTF-8"?>
<!-- Generated by org.testng.reporters.JUnitReportReporter -->
<testsuite skipped="0" hostname="L-156101449" name="testNG_Test_Cases.TestSomeClassToTestMethods" tests="2" failures="0" timestamp="29 Oct 2019 15:42:21 GMT" time="0.024" errors="0">
  <testcase name="testSumOfTwoNumbers" time="0.022" classname="testNG_Test_Cases.TestSomeClassToTestMethods"/>
  <testcase name="testDivideByZeroWithTryCatch" time="0.002" classname="testNG_Test_Cases.TestSomeClassToTestMethods"/>
</testsuite> <!-- testNG_Test_Cases.TestSomeClassToTestMethods -->
