<?xml version="1.0" encoding="UTF-8"?>
<!-- Generated by org.testng.reporters.JUnitReportReporter -->
<testsuite skipped="0" hostname="L-156101449" name="testNG_Test_Cases.TestSumMethod" tests="2" failures="0" timestamp="29 Oct 2019 05:40:48 GMT" time="0.030" errors="0">
  <testcase name="testDivideByZeroWithTryCatch" time="0.017" classname="testNG_Test_Cases.TestSumMethod"/>
  <testcase name="testSumOfTwoNumbers" time="0.013" classname="testNG_Test_Cases.TestSumMethod"/>
</testsuite> <!-- testNG_Test_Cases.TestSumMethod -->
