<?xml version="1.0" encoding="UTF-8"?>
<!-- Generated by org.testng.reporters.JUnitReportReporter -->
<testsuite skipped="0" hostname="L-156101449" name="testNG.TestNG_Structure" tests="1" failures="0" timestamp="29 Oct 2019 04:50:23 GMT" time="0.008" errors="0">
  <testcase name="testcase" time="0.008" classname="testNG.TestNG_Structure"/>
</testsuite> <!-- testNG.TestNG_Structure -->
