<?xml version="1.0" encoding="UTF-8"?>
<!-- Generated by org.testng.reporters.JUnitReportReporter -->
<testsuite skipped="0" hostname="L-156101449" name="testNG_Test_Cases.TestNG_Structure" tests="1" failures="0" timestamp="29 Oct 2019 15:42:21 GMT" time="0.003" errors="0">
  <testcase name="testcase" time="0.003" classname="testNG_Test_Cases.TestNG_Structure"/>
</testsuite> <!-- testNG_Test_Cases.TestNG_Structure -->
